<?xml version="1.0" encoding="UTF-8"?>
<!-- Generated by org.testng.reporters.JUnitReportReporter -->
<testsuite hostname="Poonams-MacBook-Air.local" failures="0" tests="1" name="udemyprojectutility.Draganddrop" time="5.289" errors="0" timestamp="2024-01-12T15:54:18 IST" skipped="0">
  <testcase classname="udemyprojectutility.Draganddrop" name="draganddop" time="5.289"/>
</testsuite> <!-- udemyprojectutility.Draganddrop -->
