<?xml version="1.0" encoding="UTF-8"?>
<!-- Generated by org.testng.reporters.JUnitReportReporter -->
<testsuite hostname="Poonams-MacBook-Air.local" failures="0" tests="1" name="udemyprojectutility.Swipe" time="7.210" errors="0" timestamp="2023-12-06T13:05:17 IST" skipped="0">
  <testcase classname="udemyprojectutility.Swipe" name="SwipeFunction" time="7.210"/>
</testsuite> <!-- udemyprojectutility.Swipe -->
