<?xml version="1.0" encoding="UTF-8"?>
<!-- Generated by org.testng.reporters.JUnitReportReporter -->
<testsuite hostname="Poonams-MacBook-Air.local" failures="0" tests="1" name="udemyprojectutility.ScrollGesture" time="3.110" errors="0" timestamp="2024-01-12T15:30:43 IST" skipped="0">
  <testcase classname="udemyprojectutility.ScrollGesture" name="Scrolling" time="3.110"/>
</testsuite> <!-- udemyprojectutility.ScrollGesture -->
