<?xml version="1.0" encoding="UTF-8"?>
<!-- Generated by org.testng.reporters.JUnitReportReporter -->
<testsuite hostname="Poonams-MacBook-Air.local" failures="0" tests="1" name="udemyprojectutility.Miscllanuous" time="25.302" errors="0" timestamp="2023-12-06T17:46:48 IST" skipped="0">
  <testcase classname="udemyprojectutility.Miscllanuous" name="WifiSetting" time="25.302"/>
</testsuite> <!-- udemyprojectutility.Miscllanuous -->
