<?xml version="1.0" encoding="UTF-8"?>
<!-- Generated by org.testng.reporters.JUnitReportReporter -->
<testsuite hostname="Poonams-MacBook-Air.local" failures="0" tests="1" name="udemyprojectutility.longpress" time="11.473" errors="0" timestamp="2023-12-06T11:22:08 IST" skipped="0">
  <testcase classname="udemyprojectutility.longpress" name="longpressgesture" time="11.473"/>
</testsuite> <!-- udemyprojectutility.longpress -->
