<?xml version="1.0" encoding="UTF-8"?>
<!-- Generated by org.testng.reporters.JUnitReportReporter -->
<testsuite hostname="Poonams-MacBook-Air.local" failures="0" tests="1" name="udemyprojectutility.AppiumBasics" time="4.480" errors="0" timestamp="2024-01-11T20:33:19 IST" skipped="0">
  <testcase classname="udemyprojectutility.AppiumBasics" name="WifiSetting" time="4.480"/>
</testsuite> <!-- udemyprojectutility.AppiumBasics -->
