<?xml version="1.0" encoding="UTF-8"?>
<!-- Generated by org.testng.reporters.JUnitReportReporter -->
<testsuite hostname="Poonams-MacBook-Air.local" failures="0" tests="1" name="udemyprojectutility.Utilityclass" time="5.543" errors="0" timestamp="2023-12-05T12:00:59 IST" skipped="0">
  <testcase classname="udemyprojectutility.Utilityclass" name="f" time="5.543"/>
</testsuite> <!-- udemyprojectutility.Utilityclass -->
